<?xml version="1.0" encoding="UTF-8"?>
<!-- Generated by org.testng.reporters.JUnitReportReporter -->
<testsuite hostname="Sohel-MLBDs-MacBook-Pro.local" name="Tests.searchname_test" tests="1" failures="0" timestamp="18 Mar 2021 04:05:22 GMT" time="9.582" errors="0">
  <testcase name="Sum1intest1" time="9.582" classname="Tests.searchname_test"/>
</testsuite> <!-- Tests.searchname_test -->
