<?xml version="1.0" encoding="UTF-8"?>
<!-- Generated by org.testng.reporters.JUnitReportReporter -->
<testsuite hostname="Sohel-MLBDs-MacBook-Pro.local" name="Tests.test2" tests="1" failures="0" timestamp="14 Mar 2021 04:53:39 GMT" time="5.629" errors="0">
  <testcase name="Sum2intest2" time="5.629" classname="Tests.test2"/>
</testsuite> <!-- Tests.test2 -->
