<?xml version="1.0" encoding="UTF-8"?>
<!-- Generated by org.testng.reporters.JUnitReportReporter -->
<testsuite hostname="Sohel-MLBDs-MacBook-Pro.local" name="Tests.test1" tests="1" failures="0" timestamp="17 Mar 2021 13:34:49 GMT" time="11.341" errors="0">
  <testcase name="Sum1intest1" time="11.341" classname="Tests.test1"/>
</testsuite> <!-- Tests.test1 -->
