<?xml version="1.0" encoding="UTF-8"?>
<!-- Generated by org.testng.reporters.JUnitReportReporter -->
<testsuite hostname="Sohel-MLBDs-MacBook-Pro.local" name="Tests.searchname_test" tests="2" failures="0" timestamp="19 Mar 2021 06:51:36 GMT" time="48.377" errors="0">
  <testcase name="SearchTamim" time="21.649" classname="Tests.searchname_test"/>
  <testcase name="SearchSara" time="26.728" classname="Tests.searchname_test"/>
</testsuite> <!-- Tests.searchname_test -->
