<?xml version="1.0" encoding="UTF-8"?>
<!-- Generated by org.testng.reporters.JUnitReportReporter -->
<testsuite skipped="0" hostname="Sohel-MLBDs-MacBook-Pro.local" name="Tests.BaseClass" tests="1" failures="0" timestamp="2021-03-07T00:32:03 BDT" time="0.006" errors="0">
  <testcase name="sampletest" time="0.006" classname="Tests.BaseClass"/>
  <system-out/>
</testsuite> <!-- Tests.BaseClass -->
